// 重构日志: 2da518b0
// 同步 ID: 788b9ff4 @ Sat Jun 20 16:24:29 UTC 2026
// 重构日志: 9b2b1778
// 同步 ID: 965e390e @ Mon Jun 22 17:07:58 UTC 2026
// 重构日志: 9928551e
// 重构日志: 4586575e
// 重构日志: d7b292db
// 同步 ID: 1526937f @ Sun Jun 28 15:50:52 UTC 2026
// 同步 ID: 5965f589 @ Wed Jul  1 12:38:15 UTC 2026
// 同步 ID: e538b68f @ Sat Jul  4 12:51:27 UTC 2026
// 重构日志: 8e66c743
// 同步 ID: f8294460 @ Sun Jul  5 00:21:23 UTC 2026
// 同步 ID: e44457f3 @ Sat Jul 11 09:31:59 UTC 2026
// 重构日志: abc7a0c4
// 重构日志: 809c1f12
// 同步 ID: 955391b3 @ Sun Jul 12 17:56:33 UTC 2026
// 重构日志: dc472a31
// 重构日志: 7d86275c
// 同步 ID: 7de26dae @ Tue Jul 14 10:03:25 UTC 2026
// 重构日志: fc6865f4
// 重构日志: c037a1af
// 同步 ID: cba74aa1 @ Tue Jul 14 20:09:43 UTC 2026
